<?xml version="1.0" encoding="UTF-8"?>
<!-- Generated by org.testng.reporters.JUnitXMLReporter -->
<testsuite ignored="0" hostname="Manikandan" failures="0" tests="4" name="Test" time="10.976" errors="0" timestamp="2024-11-04T16:29:21 IST">
  <testcase classname="Cars.BMW" name="launch" time="7.693"/>
  <testcase classname="Cars.Defender" name="launch" time="8.886"/>
  <testcase classname="Cars.Volvo" name="launch" time="9.134"/>
  <testcase classname="Cars.Jaguar" name="launch" time="10.913"/>
</testsuite> <!-- Test -->
